Unity Editor version:    2022.3.1f1 (f18e0c1b5784)
Branch:                  2022.3/staging
Build type:              Release
Batch mode:              YES
macOS version:           Version 10.15.7 (Build 19H1519)
Darwin version:          19.6.0
Architecture:            x86_64
Running under Rosetta:   NO
Available memory:        8192 MB
Using pre-set license
Pro License: YES

COMMAND LINE ARGUMENTS:
/Applications/Unity/Hub/Editor/2022.3.1f1/Unity.app/Contents/MacOS/Unity
-adb2
-batchMode
-noUpm
-name
AssetImportWorker1
-projectPath
/Users/wohome/Documents/UnityProjects/Module-3-V.4
-logFile
Logs/AssetImportWorker1.log
-srvPort
64848
Successfully changed project path to: /Users/wohome/Documents/UnityProjects/Module-3-V.4
/Users/wohome/Documents/UnityProjects/Module-3-V.4
[UnityMemory] Configuration Parameters - Can be set up in boot.config
    "memorysetup-bucket-allocator-granularity=16"
    "memorysetup-bucket-allocator-bucket-count=8"
    "memorysetup-bucket-allocator-block-size=33554432"
    "memorysetup-bucket-allocator-block-count=8"
    "memorysetup-main-allocator-block-size=16777216"
    "memorysetup-thread-allocator-block-size=16777216"
    "memorysetup-gfx-main-allocator-block-size=16777216"
    "memorysetup-gfx-thread-allocator-block-size=16777216"
    "memorysetup-cache-allocator-block-size=4194304"
    "memorysetup-typetree-allocator-block-size=2097152"
    "memorysetup-profiler-bucket-allocator-granularity=16"
    "memorysetup-profiler-bucket-allocator-bucket-count=8"
    "memorysetup-profiler-bucket-allocator-block-size=33554432"
    "memorysetup-profiler-bucket-allocator-block-count=8"
    "memorysetup-profiler-allocator-block-size=16777216"
    "memorysetup-profiler-editor-allocator-block-size=1048576"
    "memorysetup-temp-allocator-size-main=16777216"
    "memorysetup-job-temp-allocator-block-size=2097152"
    "memorysetup-job-temp-allocator-block-size-background=1048576"
    "memorysetup-job-temp-allocator-reduction-small-platforms=262144"
    "memorysetup-allocator-temp-initial-block-size-main=262144"
    "memorysetup-allocator-temp-initial-block-size-worker=262144"
    "memorysetup-temp-allocator-size-background-worker=32768"
    "memorysetup-temp-allocator-size-job-worker=262144"
    "memorysetup-temp-allocator-size-preload-manager=33554432"
    "memorysetup-temp-allocator-size-nav-mesh-worker=65536"
    "memorysetup-temp-allocator-size-audio-worker=65536"
    "memorysetup-temp-allocator-size-cloud-worker=32768"
    "memorysetup-temp-allocator-size-gi-baking-worker=262144"
    "memorysetup-temp-allocator-size-gfx=262144"
Player connection [4521545152] Host "[IP] 192.168.0.193 [Port] 0 [Flags] 2 [Guid] 1770009515 [EditorId] 1770009515 [Version] 1048832 [Id] OSXEditor(0,Sams-MacBook-Pro.local) [Debug] 1 [PackageName] OSXEditor [ProjectName] Editor" joined multi-casting on [225.0.0.222:54997]...

Player connection [4521545152] Host "[IP] 192.168.0.193 [Port] 0 [Flags] 2 [Guid] 1770009515 [EditorId] 1770009515 [Version] 1048832 [Id] OSXEditor(0,Sams-MacBook-Pro.local) [Debug] 1 [PackageName] OSXEditor [ProjectName] Editor" joined alternative multi-casting on [225.0.0.222:34997]...

Refreshing native plugins compatible for Editor in 13.91 ms, found 2 plugins.
Preloading 0 native plugins for Editor in 0.00 ms.
Initialize engine version: 2022.3.1f1 (f18e0c1b5784)
[Subsystems] Discovering subsystems at path /Applications/Unity/Hub/Editor/2022.3.1f1/Unity.app/Contents/Resources/UnitySubsystems
[Subsystems] Discovering subsystems at path /Users/wohome/Documents/UnityProjects/Module-3-V.4/Assets
GfxDevice: creating device client; threaded=0; jobified=0
Color LCD preferred device: Intel(R) Iris(TM) Plus Graphics 645 (low power)
Metal devices available: 1
0: Intel(R) Iris(TM) Plus Graphics 645 (low power)
Using device Intel(R) Iris(TM) Plus Graphics 645 (low power)
Initializing Metal device caps: Intel(R) Iris(TM) Plus Graphics 645
Initialize mono
Mono path[0] = '/Applications/Unity/Hub/Editor/2022.3.1f1/Unity.app/Contents/Managed'
Mono path[1] = '/Applications/Unity/Hub/Editor/2022.3.1f1/Unity.app/Contents/MonoBleedingEdge/lib/mono/unityjit-macos'
Mono config path = '/Applications/Unity/Hub/Editor/2022.3.1f1/Unity.app/Contents/MonoBleedingEdge/etc'
Using monoOptions --debugger-agent=transport=dt_socket,embedding=1,server=y,suspend=n,address=127.0.0.1:56053
Begin MonoManager ReloadAssembly
Registering precompiled unity dll's ...
Register platform support module: /Applications/Unity/Hub/Editor/2022.3.1f1/PlaybackEngines/WebGLSupport/UnityEditor.WebGL.Extensions.dll
Register platform support module: /Applications/Unity/Hub/Editor/2022.3.1f1/Unity.app/Contents/PlaybackEngines/MacStandaloneSupport/UnityEditor.OSXStandalone.Extensions.dll
Registered in 0.004596 seconds.
- Loaded All Assemblies, in  1.299 seconds
Native extension for OSXStandalone target not found
Native extension for WebGL target not found
Mono: successfully reloaded assembly
- Finished resetting the current domain, in  0.582 seconds
Domain Reload Profiling: 1881ms
	BeginReloadAssembly (380ms)
		ExecutionOrderSort (0ms)
		DisableScriptedObjects (0ms)
		BackupInstance (0ms)
		ReleaseScriptingObjects (0ms)
		CreateAndSetChildDomain (1ms)
	RebuildCommonClasses (276ms)
	RebuildNativeTypeToScriptingClass (61ms)
	initialDomainReloadingComplete (164ms)
	LoadAllAssembliesAndSetupDomain (417ms)
		LoadAssemblies (379ms)
		RebuildTransferFunctionScriptingTraits (0ms)
		AnalyzeDomain (412ms)
			TypeCache.Refresh (410ms)
				TypeCache.ScanAssembly (389ms)
			ScanForSourceGeneratedMonoScriptInfo (1ms)
			ResolveRequiredComponents (1ms)
	FinalizeReload (583ms)
		ReleaseScriptCaches (0ms)
		RebuildScriptCaches (0ms)
		SetupLoadedEditorAssemblies (452ms)
			LogAssemblyErrors (0ms)
			InitializePlatformSupportModulesInManaged (17ms)
			SetLoadedEditorAssemblies (8ms)
			RefreshPlugins (0ms)
			BeforeProcessingInitializeOnLoad (3ms)
			ProcessInitializeOnLoadAttributes (314ms)
			ProcessInitializeOnLoadMethodAttributes (109ms)
			AfterProcessingInitializeOnLoad (0ms)
			EditorAssembliesLoaded (0ms)
		ExecutionOrderSort2 (0ms)
		AwakeInstancesAfterBackupRestoration (0ms)
========================================================================
Worker process is ready to serve import requests
Begin MonoManager ReloadAssembly
- Loaded All Assemblies, in  1.502 seconds
Refreshing native plugins compatible for Editor in 1.35 ms, found 2 plugins.
Native extension for OSXStandalone target not found
Native extension for WebGL target not found
Mono: successfully reloaded assembly
- Finished resetting the current domain, in  1.176 seconds
Domain Reload Profiling: 2678ms
	BeginReloadAssembly (294ms)
		ExecutionOrderSort (0ms)
		DisableScriptedObjects (15ms)
		BackupInstance (0ms)
		ReleaseScriptingObjects (0ms)
		CreateAndSetChildDomain (65ms)
	RebuildCommonClasses (100ms)
	RebuildNativeTypeToScriptingClass (28ms)
	initialDomainReloadingComplete (106ms)
	LoadAllAssembliesAndSetupDomain (973ms)
		LoadAssemblies (477ms)
		RebuildTransferFunctionScriptingTraits (0ms)
		AnalyzeDomain (622ms)
			TypeCache.Refresh (590ms)
				TypeCache.ScanAssembly (558ms)
			ScanForSourceGeneratedMonoScriptInfo (25ms)
			ResolveRequiredComponents (7ms)
	FinalizeReload (1177ms)
		ReleaseScriptCaches (0ms)
		RebuildScriptCaches (0ms)
		SetupLoadedEditorAssemblies (791ms)
			LogAssemblyErrors (0ms)
			InitializePlatformSupportModulesInManaged (11ms)
			SetLoadedEditorAssemblies (7ms)
			RefreshPlugins (0ms)
			BeforeProcessingInitializeOnLoad (93ms)
			ProcessInitializeOnLoadAttributes (603ms)
			ProcessInitializeOnLoadMethodAttributes (72ms)
			AfterProcessingInitializeOnLoad (4ms)
			EditorAssembliesLoaded (0ms)
		ExecutionOrderSort2 (0ms)
		AwakeInstancesAfterBackupRestoration (14ms)
Launching external process: /Applications/Unity/Hub/Editor/2022.3.1f1/Unity.app/Contents/Tools/UnityShaderCompiler
Launched and connected shader compiler UnityShaderCompiler after 0.04 seconds
Refreshing native plugins compatible for Editor in 1.50 ms, found 2 plugins.
Preloading 0 native plugins for Editor in 0.00 ms.
Unloading 1694 Unused Serialized files (Serialized files now loaded: 0)
Unloading 40 unused Assets / (1.4 MB). Loaded Objects now: 2159.
Memory consumption went from 224.7 MB to 223.3 MB.
Total: 10.819476 ms (FindLiveObjects: 0.230592 ms CreateObjectMapping: 0.116764 ms MarkObjects: 9.249690 ms  DeleteObjects: 1.220084 ms)

AssetImportParameters requested are different than current active one (requested -> active):
  custom:video-decoder-webm-vp8: 9c59270c3fd7afecdb556c50c9e8de78 -> 
  custom:container-demuxer-ogg: 62fdf1f143b41e24485cea50d1cbac27 -> 
  custom:AudioImporter_EditorPlatform: 3918e3fc78b5a79bad01e8451be0beb8 -> 
  custom:video-decoder-ogg-theora: a1e56fd34408186e4bbccfd4996cb3dc -> 
  custom:framework-osx-AVFoundation: b23960f63f64bdc6ff669e2cdcee2391 -> 
  custom:video-encoder-webm-vp8: eb34c28f22e8b96e1ab97ce403110664 -> 
  custom:audio-decoder-ogg-vorbis: bf7c407c2cedff20999df2af8eb42d56 -> 
  custom:container-demuxer-webm: 4f35f7cbe854078d1ac9338744f61a02 -> 
  custom:audio-encoder-webm-vorbis: bf7c407c2cedff20999df2af8eb42d56 -> 
  custom:container-muxer-webm: aa71ff27fc2769a1b78a27578f13a17b -> 
========================================================================
Received Import Request.
  Time since last request: 716037.388816 seconds.
  path: Assets/Scenes/Exercise_3-1.unity
  artifactKey: Guid(7985e2e5e433dcc48be73b3b114b51ed) Importer(815301076,1909f56bfc062723c751e8b465ee728b)
Start importing Assets/Scenes/Exercise_3-1.unity using Guid(7985e2e5e433dcc48be73b3b114b51ed) Importer(815301076,1909f56bfc062723c751e8b465ee728b)  -> (artifact id: '1e128262e2f2e7dc88e2ffd99cf983b2') in 0.002779 seconds
Number of updated asset objects reloaded before import = 0
Number of asset objects unloaded after import = 0
========================================================================
Received Import Request.
  Time since last request: 56.022695 seconds.
  path: Assets/Models/Supercyan Character Pack Free Sample/Animations/common_people@backwards-walk.FBX
  artifactKey: Guid(854ef493abe79464ca6e9795fb330040) Importer(815301076,1909f56bfc062723c751e8b465ee728b)
Start importing Assets/Models/Supercyan Character Pack Free Sample/Animations/common_people@backwards-walk.FBX using Guid(854ef493abe79464ca6e9795fb330040) Importer(815301076,1909f56bfc062723c751e8b465ee728b)  -> (artifact id: 'c321d86e15cdc0a6befb7e7e8f86da50') in 1.044292 seconds
Number of updated asset objects reloaded before import = 0
Number of asset objects unloaded after import = 65
========================================================================
Received Import Request.
  Time since last request: 0.000081 seconds.
  path: Assets/Textures/Glass.mat
  artifactKey: Guid(2423f6ddafadf31488ab61b95c648818) Importer(815301076,1909f56bfc062723c751e8b465ee728b)
Start importing Assets/Textures/Glass.mat using Guid(2423f6ddafadf31488ab61b95c648818) Importer(815301076,1909f56bfc062723c751e8b465ee728b)  -> (artifact id: '5c807ee53c2ec5438ebbbd4ab8214d78') in 0.661569 seconds
Number of updated asset objects reloaded before import = 0
Number of asset objects unloaded after import = 1
========================================================================
Received Import Request.
  Time since last request: 0.000052 seconds.
  path: Assets/Textures/Cliff3 Displacement.mat
  artifactKey: Guid(740df122ddd668f4cb51cb72d94452e6) Importer(815301076,1909f56bfc062723c751e8b465ee728b)
Start importing Assets/Textures/Cliff3 Displacement.mat using Guid(740df122ddd668f4cb51cb72d94452e6) Importer(815301076,1909f56bfc062723c751e8b465ee728b)  -> (artifact id: '08e34d6b38a81c93a4ae76171ef6e847') in 0.812823 seconds
Number of updated asset objects reloaded before import = 0
Number of asset objects unloaded after import = 6
========================================================================
Received Import Request.
  Time since last request: 0.000088 seconds.
  path: Assets/Prefabs/TimedText.prefab
  artifactKey: Guid(e98ae3560e20fda41a74238eb48cbee2) Importer(815301076,1909f56bfc062723c751e8b465ee728b)
Start importing Assets/Prefabs/TimedText.prefab using Guid(e98ae3560e20fda41a74238eb48cbee2) Importer(815301076,1909f56bfc062723c751e8b465ee728b)  -> (artifact id: '9edd5affd5a2d8762c500cebd6ba01c2') in 0.014403 seconds
Number of updated asset objects reloaded before import = 0
Number of asset objects unloaded after import = 8
========================================================================
Received Import Request.
  Time since last request: 0.000117 seconds.
  path: Assets/Models/PalmTreeTrioTwoSided.prefab
  artifactKey: Guid(ecc2762d91d3584429565bde5fbede9e) Importer(815301076,1909f56bfc062723c751e8b465ee728b)
Start importing Assets/Models/PalmTreeTrioTwoSided.prefab using Guid(ecc2762d91d3584429565bde5fbede9e) Importer(815301076,1909f56bfc062723c751e8b465ee728b)  -> (artifact id: '38ffb484ba8191053e3c631dd241248a') in 0.849276 seconds
Number of updated asset objects reloaded before import = 0
Number of asset objects unloaded after import = 19
========================================================================
Received Import Request.
  Time since last request: 0.000066 seconds.
  path: Assets/Models/CarParts/TruckChassis.FBX
  artifactKey: Guid(bce746113b5d1714b9f1c012fad3a8b9) Importer(815301076,1909f56bfc062723c751e8b465ee728b)
Start importing Assets/Models/CarParts/TruckChassis.FBX using Guid(bce746113b5d1714b9f1c012fad3a8b9) Importer(815301076,1909f56bfc062723c751e8b465ee728b)  -> (artifact id: '25e4daabe96bcd92b07b930f3ee473d6') in 0.655552 seconds
Number of updated asset objects reloaded before import = 0
Number of asset objects unloaded after import = 15
========================================================================
Received Import Request.
  Time since last request: 0.000066 seconds.
  path: Assets/TextMesh Pro/Resources/Fonts & Materials/LiberationSans SDF - Fallback.asset
  artifactKey: Guid(2e498d1c8094910479dc3e1b768306a4) Importer(815301076,1909f56bfc062723c751e8b465ee728b)
Start importing Assets/TextMesh Pro/Resources/Fonts & Materials/LiberationSans SDF - Fallback.asset using Guid(2e498d1c8094910479dc3e1b768306a4) Importer(815301076,1909f56bfc062723c751e8b465ee728b)  -> (artifact id: '11f817470a8e954255d5182593310701') in 0.145297 seconds
Number of updated asset objects reloaded before import = 0
Number of asset objects unloaded after import = 6
========================================================================
Received Import Request.
  Time since last request: 0.000065 seconds.
  path: Assets/Models/Conifer Small BOTD.prefab
  artifactKey: Guid(7e3c80b421a0d465b80b8e51a763ea9c) Importer(815301076,1909f56bfc062723c751e8b465ee728b)
Start importing Assets/Models/Conifer Small BOTD.prefab using Guid(7e3c80b421a0d465b80b8e51a763ea9c) Importer(815301076,1909f56bfc062723c751e8b465ee728b)  -> (artifact id: '1a881d11bd3fd5ad41a9b199c6e5704f') in 2.795282 seconds
Number of updated asset objects reloaded before import = 0
Number of asset objects unloaded after import = 35
========================================================================
Received Import Request.
  Time since last request: 0.000138 seconds.
  path: Assets/TextMesh Pro/Resources/Fonts & Materials/LiberationSans SDF.asset
  artifactKey: Guid(8f586378b4e144a9851e7b34d9b748ee) Importer(815301076,1909f56bfc062723c751e8b465ee728b)
Start importing Assets/TextMesh Pro/Resources/Fonts & Materials/LiberationSans SDF.asset using Guid(8f586378b4e144a9851e7b34d9b748ee) Importer(815301076,1909f56bfc062723c751e8b465ee728b)  -> (artifact id: '8bee2a32bdac1041c8b4ef2f540527f6') in 0.059186 seconds
Number of updated asset objects reloaded before import = 0
Number of asset objects unloaded after import = 9
========================================================================
Received Import Request.
  Time since last request: 0.000104 seconds.
  path: Assets/Models/RockParts/Rock.FBX
  artifactKey: Guid(f0ba6574de89eb04284da26a16acae1c) Importer(815301076,1909f56bfc062723c751e8b465ee728b)
Start importing Assets/Models/RockParts/Rock.FBX using Guid(f0ba6574de89eb04284da26a16acae1c) Importer(815301076,1909f56bfc062723c751e8b465ee728b)  -> (artifact id: 'bcb3fc03e921c1d9c290b7080cec31ac') in 0.027407 seconds
Number of updated asset objects reloaded before import = 0
Number of asset objects unloaded after import = 9
========================================================================
Received Import Request.
  Time since last request: 0.000066 seconds.
  path: Assets/Models/RocksScatter.prefab
  artifactKey: Guid(7dd8b689dff4b7b40b4657a66c3bcbb1) Importer(815301076,1909f56bfc062723c751e8b465ee728b)
Start importing Assets/Models/RocksScatter.prefab using Guid(7dd8b689dff4b7b40b4657a66c3bcbb1) Importer(815301076,1909f56bfc062723c751e8b465ee728b)  -> (artifact id: 'c7cd719a8d92f005e7ec1712ab3e8f30') in 0.014436 seconds
Number of updated asset objects reloaded before import = 0
Number of asset objects unloaded after import = 10
========================================================================
Received Import Request.
  Time since last request: 0.000067 seconds.
  path: Assets/Models/All PalmTrees.prefab
  artifactKey: Guid(f8ab9dd2250673b4e9d566833e7eb461) Importer(815301076,1909f56bfc062723c751e8b465ee728b)
Start importing Assets/Models/All PalmTrees.prefab using Guid(f8ab9dd2250673b4e9d566833e7eb461) Importer(815301076,1909f56bfc062723c751e8b465ee728b)  -> (artifact id: 'dc8c1cd26ba51ec2a900872038f411c9') in 0.003855 seconds
Number of updated asset objects reloaded before import = 0
Number of asset objects unloaded after import = 118
========================================================================
Received Import Request.
  Time since last request: 0.000069 seconds.
  path: Assets/Textures/Vehicles/Chrome.mat
  artifactKey: Guid(536d73fdd74709b4fbcc791af7f70f78) Importer(815301076,1909f56bfc062723c751e8b465ee728b)
Start importing Assets/Textures/Vehicles/Chrome.mat using Guid(536d73fdd74709b4fbcc791af7f70f78) Importer(815301076,1909f56bfc062723c751e8b465ee728b)  -> (artifact id: 'ca55e03715a70836cbb0d696861a3f00') in 0.009737 seconds
Number of updated asset objects reloaded before import = 0
Number of asset objects unloaded after import = 1
========================================================================
Received Import Request.
  Time since last request: 0.000163 seconds.
  path: Assets/Models/ConiferTreeParts/Render Pipeline Support/Built-in RP/Sources/Materials/M Conifer Bark Array BODT.mat
  artifactKey: Guid(a7e78992c7c5347a29bb4ad9b987be59) Importer(815301076,1909f56bfc062723c751e8b465ee728b)
Start importing Assets/Models/ConiferTreeParts/Render Pipeline Support/Built-in RP/Sources/Materials/M Conifer Bark Array BODT.mat using Guid(a7e78992c7c5347a29bb4ad9b987be59) Importer(815301076,1909f56bfc062723c751e8b465ee728b)  -> (artifact id: '0fec882d40b1c87a70c3866bd9a2dcbf') in 1.126885 seconds
Number of updated asset objects reloaded before import = 0
Number of asset objects unloaded after import = 6
========================================================================
Received Import Request.
  Time since last request: 0.000072 seconds.
  path: Assets/Models/CarParts/FamilyCarCollision.fbx
  artifactKey: Guid(b37bce4519fa07648a6b9e5e034017ec) Importer(815301076,1909f56bfc062723c751e8b465ee728b)
Start importing Assets/Models/CarParts/FamilyCarCollision.fbx using Guid(b37bce4519fa07648a6b9e5e034017ec) Importer(815301076,1909f56bfc062723c751e8b465ee728b)  -> (artifact id: '123738a7b39db9bdd82e907b34501e60') in 0.024668 seconds
Number of updated asset objects reloaded before import = 0
Number of asset objects unloaded after import = 7
========================================================================
Received Import Request.
  Time since last request: 0.000075 seconds.
  path: Assets/Models/TrackParts/Ramp.fbx
  artifactKey: Guid(2506ebf12db7e0548a3e0098d149b68a) Importer(815301076,1909f56bfc062723c751e8b465ee728b)
Start importing Assets/Models/TrackParts/Ramp.fbx using Guid(2506ebf12db7e0548a3e0098d149b68a) Importer(815301076,1909f56bfc062723c751e8b465ee728b)  -> (artifact id: '33145620c0d7c2025f2799bf880113ea') in 0.952222 seconds
Number of updated asset objects reloaded before import = 0
Number of asset objects unloaded after import = 13
========================================================================
Received Import Request.
  Time since last request: 0.000079 seconds.
  path: Assets/Models/ConiferTreeParts/Render Pipeline Support/Built-in RP/Sources/Materials/M Conifer Bark Simple BODT.mat
  artifactKey: Guid(fcbc9e998124d414da7cb0d951f649a3) Importer(815301076,1909f56bfc062723c751e8b465ee728b)
Start importing Assets/Models/ConiferTreeParts/Render Pipeline Support/Built-in RP/Sources/Materials/M Conifer Bark Simple BODT.mat using Guid(fcbc9e998124d414da7cb0d951f649a3) Importer(815301076,1909f56bfc062723c751e8b465ee728b)  -> (artifact id: '7756535ffcf77eea8671c992b1c8dd01') in 0.129787 seconds
Number of updated asset objects reloaded before import = 0
Number of asset objects unloaded after import = 6
========================================================================
Received Import Request.
  Time since last request: 0.000076 seconds.
  path: Assets/Prefabs/Player.prefab
  artifactKey: Guid(313ad0ef31f75b84f9f31c0528802fdd) Importer(815301076,1909f56bfc062723c751e8b465ee728b)
Start importing Assets/Prefabs/Player.prefab using Guid(313ad0ef31f75b84f9f31c0528802fdd) Importer(815301076,1909f56bfc062723c751e8b465ee728b)  -> (artifact id: 'c744df10050403e2c707ba92088df44a') in 0.286261 seconds
Internal: There are remaining Allocations on the JobTempAlloc. This is a leak, and will impact performance
To Debug, run app with -diag-job-temp-memory-leak-validation cmd line argument. This will output the callstacks of the leaked allocations.
Number of updated asset objects reloaded before import = 0
Number of asset objects unloaded after import = 124
========================================================================
Received Import Request.
  Time since last request: 0.000057 seconds.
  path: Assets/Models/DeciduousTreeParts/Materials/leaf.mat
  artifactKey: Guid(3b81562ccc7e92543a108e811251a16f) Importer(815301076,1909f56bfc062723c751e8b465ee728b)
Start importing Assets/Models/DeciduousTreeParts/Materials/leaf.mat using Guid(3b81562ccc7e92543a108e811251a16f) Importer(815301076,1909f56bfc062723c751e8b465ee728b)  -> (artifact id: 'b8ba605dc93526391f6cec76a699e519') in 0.369929 seconds
Internal: There are remaining Allocations on the JobTempAlloc. This is a leak, and will impact performance
To Debug, run app with -diag-job-temp-memory-leak-validation cmd line argument. This will output the callstacks of the leaked allocations.
Number of updated asset objects reloaded before import = 0
Number of asset objects unloaded after import = 3
========================================================================
Received Import Request.
  Time since last request: 0.004113 seconds.
  path: Assets/Models/Supercyan Character Pack Free Sample/Animations/common_people@walk.FBX
  artifactKey: Guid(77d7842e2139f594bb31c3c63d1ad4b4) Importer(815301076,1909f56bfc062723c751e8b465ee728b)
Start importing Assets/Models/Supercyan Character Pack Free Sample/Animations/common_people@walk.FBX using Guid(77d7842e2139f594bb31c3c63d1ad4b4) Importer(815301076,1909f56bfc062723c751e8b465ee728b)  -> (artifact id: '7edc545f252d14904bbf3ef5878c5a8f') in 0.019587 seconds
Internal: There are remaining Allocations on the JobTempAlloc. This is a leak, and will impact performance
To Debug, run app with -diag-job-temp-memory-leak-validation cmd line argument. This will output the callstacks of the leaked allocations.
Number of updated asset objects reloaded before import = 0
Number of asset objects unloaded after import = 65
========================================================================
Received Import Request.
  Time since last request: 0.000060 seconds.
  path: Assets/Models/Supercyan Character Pack Free Sample/Animations/common_people@run.FBX
  artifactKey: Guid(587fb8efeff01634aa9ce8a5af77911a) Importer(815301076,1909f56bfc062723c751e8b465ee728b)
Start importing Assets/Models/Supercyan Character Pack Free Sample/Animations/common_people@run.FBX using Guid(587fb8efeff01634aa9ce8a5af77911a) Importer(815301076,1909f56bfc062723c751e8b465ee728b)  -> (artifact id: 'fbe08d8a260f777539da7cb683a939ff') in 0.018257 seconds
Internal: There are remaining Allocations on the JobTempAlloc. This is a leak, and will impact performance
To Debug, run app with -diag-job-temp-memory-leak-validation cmd line argument. This will output the callstacks of the leaked allocations.
Number of updated asset objects reloaded before import = 0
Number of asset objects unloaded after import = 65
========================================================================
Received Import Request.
  Time since last request: 0.000061 seconds.
  path: Assets/Prefabs/Death.prefab
  artifactKey: Guid(9c91bdc6dd765bf4dad5bbe283f26c81) Importer(815301076,1909f56bfc062723c751e8b465ee728b)
Start importing Assets/Prefabs/Death.prefab using Guid(9c91bdc6dd765bf4dad5bbe283f26c81) Importer(815301076,1909f56bfc062723c751e8b465ee728b)  -> (artifact id: '5f000fac5dea90841edd2f8d363b8b67') in 0.007443 seconds
Internal: There are remaining Allocations on the JobTempAlloc. This is a leak, and will impact performance
To Debug, run app with -diag-job-temp-memory-leak-validation cmd line argument. This will output the callstacks of the leaked allocations.
Number of updated asset objects reloaded before import = 0
Number of asset objects unloaded after import = 9
========================================================================
Received Import Request.
  Time since last request: 0.000058 seconds.
  path: Assets/TextMesh Pro/Resources/Fonts & Materials/LiberationSans SDF - Drop Shadow.mat
  artifactKey: Guid(e73a58f6e2794ae7b1b7e50b7fb811b0) Importer(815301076,1909f56bfc062723c751e8b465ee728b)
Start importing Assets/TextMesh Pro/Resources/Fonts & Materials/LiberationSans SDF - Drop Shadow.mat using Guid(e73a58f6e2794ae7b1b7e50b7fb811b0) Importer(815301076,1909f56bfc062723c751e8b465ee728b)  -> (artifact id: '4ecbead7c74cce42e5a1501c04e2925a') in 0.236773 seconds
Internal: JobTempAlloc has allocations that are more than the maximum lifespan of 4 frames old - this is not allowed and likely a leak
To Debug, run app with -diag-job-temp-memory-leak-validation cmd line argument. This will output the callstacks of the leaked allocations.
Internal: There are remaining Allocations on the JobTempAlloc. This is a leak, and will impact performance
To Debug, run app with -diag-job-temp-memory-leak-validation cmd line argument. This will output the callstacks of the leaked allocations.
Number of updated asset objects reloaded before import = 0
Number of asset objects unloaded after import = 2
========================================================================
Received Import Request.
  Time since last request: 0.000071 seconds.
  path: Assets/Models/Supercyan Character Pack Free Sample/Animations/common_people@pickup.FBX
  artifactKey: Guid(b3662f281ce0fd5449670a910110afc4) Importer(815301076,1909f56bfc062723c751e8b465ee728b)
Start importing Assets/Models/Supercyan Character Pack Free Sample/Animations/common_people@pickup.FBX using Guid(b3662f281ce0fd5449670a910110afc4) Importer(815301076,1909f56bfc062723c751e8b465ee728b)  -> (artifact id: '771d0b17f1bbb92ff66070f95abae7f9') in 0.055332 seconds
Internal: There are remaining Allocations on the JobTempAlloc. This is a leak, and will impact performance
To Debug, run app with -diag-job-temp-memory-leak-validation cmd line argument. This will output the callstacks of the leaked allocations.
Number of updated asset objects reloaded before import = 0
Number of asset objects unloaded after import = 65
========================================================================
Received Import Request.
  Time since last request: 0.000065 seconds.
  path: Assets/Models/Deciduous4.prefab
  artifactKey: Guid(9b8fc966f95ea9c4194dc091fc40b478) Importer(815301076,1909f56bfc062723c751e8b465ee728b)
Start importing Assets/Models/Deciduous4.prefab using Guid(9b8fc966f95ea9c4194dc091fc40b478) Importer(815301076,1909f56bfc062723c751e8b465ee728b)  -> (artifact id: 'f876c3cb4b4f7af32101715e1b8e4eb8') in 1.333182 seconds
Internal: There are remaining Allocations on the JobTempAlloc. This is a leak, and will impact performance
To Debug, run app with -diag-job-temp-memory-leak-validation cmd line argument. This will output the callstacks of the leaked allocations.
Number of updated asset objects reloaded before import = 0
Number of asset objects unloaded after import = 28
========================================================================
Received Import Request.
  Time since last request: 0.011570 seconds.
  path: Assets/Models/WaterParts/Water/Water4/Models/OceanPlane.FBX
  artifactKey: Guid(681e41ee1260343b395ca58745c94870) Importer(815301076,1909f56bfc062723c751e8b465ee728b)
Start importing Assets/Models/WaterParts/Water/Water4/Models/OceanPlane.FBX using Guid(681e41ee1260343b395ca58745c94870) Importer(815301076,1909f56bfc062723c751e8b465ee728b)  -> (artifact id: '102eef64b85e68b7a9c85579759aebf6') in 0.041243 seconds
Internal: There are remaining Allocations on the JobTempAlloc. This is a leak, and will impact performance
To Debug, run app with -diag-job-temp-memory-leak-validation cmd line argument. This will output the callstacks of the leaked allocations.
Number of updated asset objects reloaded before import = 0
Number of asset objects unloaded after import = 9
========================================================================
Received Import Request.
  Time since last request: 0.000093 seconds.
  path: Assets/Models/Track.fbx
  artifactKey: Guid(2294d1580284bff49931c1702bd9fb1c) Importer(815301076,1909f56bfc062723c751e8b465ee728b)
Start importing Assets/Models/Track.fbx using Guid(2294d1580284bff49931c1702bd9fb1c) Importer(815301076,1909f56bfc062723c751e8b465ee728b)  -> (artifact id: '401f2fe82d0f8e007975cc3d785b0415') in 0.091451 seconds
Internal: There are remaining Allocations on the JobTempAlloc. This is a leak, and will impact performance
To Debug, run app with -diag-job-temp-memory-leak-validation cmd line argument. This will output the callstacks of the leaked allocations.
Number of updated asset objects reloaded before import = 0
Number of asset objects unloaded after import = 17
========================================================================
Received Import Request.
  Time since last request: 0.000068 seconds.
  path: Assets/Models/Supercyan Character Pack Free Sample/Materials/High Quality/free_male_1_head.mat
  artifactKey: Guid(1bb6e2b3ad66d664094ce58c0b0adb79) Importer(815301076,1909f56bfc062723c751e8b465ee728b)
Start importing Assets/Models/Supercyan Character Pack Free Sample/Materials/High Quality/free_male_1_head.mat using Guid(1bb6e2b3ad66d664094ce58c0b0adb79) Importer(815301076,1909f56bfc062723c751e8b465ee728b)  -> (artifact id: '3d135a331f17b6e10bd102a280367ff3') in 0.024733 seconds
Internal: There are remaining Allocations on the JobTempAlloc. This is a leak, and will impact performance
To Debug, run app with -diag-job-temp-memory-leak-validation cmd line argument. This will output the callstacks of the leaked allocations.
Number of updated asset objects reloaded before import = 0
Number of asset objects unloaded after import = 2
========================================================================
Received Import Request.
  Time since last request: 0.000077 seconds.
  path: Assets/Models/CarParts/FamilyCarChassis.fbx
  artifactKey: Guid(f4eb283b24578414285b7b5691a8c643) Importer(815301076,1909f56bfc062723c751e8b465ee728b)
Start importing Assets/Models/CarParts/FamilyCarChassis.fbx using Guid(f4eb283b24578414285b7b5691a8c643) Importer(815301076,1909f56bfc062723c751e8b465ee728b)  -> (artifact id: '9e1ae81093040fe0a975d7142ae5f097') in 0.050220 seconds
Internal: There are remaining Allocations on the JobTempAlloc. This is a leak, and will impact performance
To Debug, run app with -diag-job-temp-memory-leak-validation cmd line argument. This will output the callstacks of the leaked allocations.
Number of updated asset objects reloaded before import = 0
Number of asset objects unloaded after import = 13
========================================================================
Received Import Request.
  Time since last request: 0.000098 seconds.
  path: Assets/Scenes/CheckpointScene.unity
  artifactKey: Guid(7d99d9eb70bab5343b77024b860a8492) Importer(815301076,1909f56bfc062723c751e8b465ee728b)
Start importing Assets/Scenes/CheckpointScene.unity using Guid(7d99d9eb70bab5343b77024b860a8492) Importer(815301076,1909f56bfc062723c751e8b465ee728b)  -> (artifact id: '85bc09a49268b656ece9d7c64020395f') in 0.001812 seconds
Internal: There are remaining Allocations on the JobTempAlloc. This is a leak, and will impact performance
To Debug, run app with -diag-job-temp-memory-leak-validation cmd line argument. This will output the callstacks of the leaked allocations.
Number of updated asset objects reloaded before import = 0
Number of asset objects unloaded after import = 0
========================================================================
Received Import Request.
  Time since last request: 0.001097 seconds.
  path: Assets/Models/Supercyan Character Pack Free Sample/Materials/Mobile/free_male_1_head_low.mat
  artifactKey: Guid(c9893909aae4a0644a72da08dc9b62ed) Importer(815301076,1909f56bfc062723c751e8b465ee728b)
Start importing Assets/Models/Supercyan Character Pack Free Sample/Materials/Mobile/free_male_1_head_low.mat using Guid(c9893909aae4a0644a72da08dc9b62ed) Importer(815301076,1909f56bfc062723c751e8b465ee728b)  -> (artifact id: '7cffa564ea2d5b4634a29a9fea972292') in 0.281202 seconds
Internal: There are remaining Allocations on the JobTempAlloc. This is a leak, and will impact performance
To Debug, run app with -diag-job-temp-memory-leak-validation cmd line argument. This will output the callstacks of the leaked allocations.
Number of updated asset objects reloaded before import = 0
Number of asset objects unloaded after import = 2
========================================================================
Received Import Request.
  Time since last request: 0.000099 seconds.
  path: Assets/Textures/Vehicles/Light.mat
  artifactKey: Guid(34a12df728295554fbfc96efc84aac90) Importer(815301076,1909f56bfc062723c751e8b465ee728b)
Start importing Assets/Textures/Vehicles/Light.mat using Guid(34a12df728295554fbfc96efc84aac90) Importer(815301076,1909f56bfc062723c751e8b465ee728b)  -> (artifact id: '54a6af63b111b7df4e10e7c82c46487a') in 0.025748 seconds
Internal: There are remaining Allocations on the JobTempAlloc. This is a leak, and will impact performance
To Debug, run app with -diag-job-temp-memory-leak-validation cmd line argument. This will output the callstacks of the leaked allocations.
Number of updated asset objects reloaded before import = 0
Number of asset objects unloaded after import = 1
========================================================================
Received Import Request.
  Time since last request: 0.000082 seconds.
  path: Assets/Models/WaterParts/Water/Water/Models/WaterPlane.fbx
  artifactKey: Guid(ba6a41dc489914734857bb5924eb70ad) Importer(815301076,1909f56bfc062723c751e8b465ee728b)
Start importing Assets/Models/WaterParts/Water/Water/Models/WaterPlane.fbx using Guid(ba6a41dc489914734857bb5924eb70ad) Importer(815301076,1909f56bfc062723c751e8b465ee728b)  -> (artifact id: '8ead6ef9db20694ef8e77355e3507dda') in 0.051913 seconds
Internal: There are remaining Allocations on the JobTempAlloc. This is a leak, and will impact performance
To Debug, run app with -diag-job-temp-memory-leak-validation cmd line argument. This will output the callstacks of the leaked allocations.
Number of updated asset objects reloaded before import = 0
Number of asset objects unloaded after import = 9
========================================================================
Received Import Request.
  Time since last request: 0.001195 seconds.
  path: Assets/Models/DeciduousTreeParts/bark14.mat
  artifactKey: Guid(760ea8238d6219c42b2739f693d4c834) Importer(815301076,1909f56bfc062723c751e8b465ee728b)
Start importing Assets/Models/DeciduousTreeParts/bark14.mat using Guid(760ea8238d6219c42b2739f693d4c834) Importer(815301076,1909f56bfc062723c751e8b465ee728b)  -> (artifact id: 'c96fd585cfcb390ea5eec0ca006a8d0b') in 0.784544 seconds
Internal: There are remaining Allocations on the JobTempAlloc. This is a leak, and will impact performance
To Debug, run app with -diag-job-temp-memory-leak-validation cmd line argument. This will output the callstacks of the leaked allocations.
Number of updated asset objects reloaded before import = 0
Number of asset objects unloaded after import = 3
========================================================================
Received Import Request.
  Time since last request: 0.000085 seconds.
  path: Assets/Models/Conifer Bare BOTD.prefab
  artifactKey: Guid(539fa9bc6500e44708e0f7b2c78cbefe) Importer(815301076,1909f56bfc062723c751e8b465ee728b)
Start importing Assets/Models/Conifer Bare BOTD.prefab using Guid(539fa9bc6500e44708e0f7b2c78cbefe) Importer(815301076,1909f56bfc062723c751e8b465ee728b)  -> (artifact id: 'a0987de655e5b4d9cf6df57717e1dd13') in 0.306734 seconds
Internal: There are remaining Allocations on the JobTempAlloc. This is a leak, and will impact performance
To Debug, run app with -diag-job-temp-memory-leak-validation cmd line argument. This will output the callstacks of the leaked allocations.
Number of updated asset objects reloaded before import = 0
Number of asset objects unloaded after import = 35
========================================================================
Received Import Request.
  Time since last request: 0.000180 seconds.
  path: Assets/Textures/Death.mat
  artifactKey: Guid(daa670b874a9925469c98fe163822b58) Importer(815301076,1909f56bfc062723c751e8b465ee728b)
Start importing Assets/Textures/Death.mat using Guid(daa670b874a9925469c98fe163822b58) Importer(815301076,1909f56bfc062723c751e8b465ee728b)  -> (artifact id: '6bc59f072090490ef8dc8b1e654735e2') in 0.024456 seconds
Internal: There are remaining Allocations on the JobTempAlloc. This is a leak, and will impact performance
To Debug, run app with -diag-job-temp-memory-leak-validation cmd line argument. This will output the callstacks of the leaked allocations.
Number of updated asset objects reloaded before import = 0
Number of asset objects unloaded after import = 1
========================================================================
Received Import Request.
  Time since last request: 2692.623438 seconds.
  path: Assets/Textures/MudRockyAlbedoSpecular.bmp
  artifactKey: Guid(ef5c51cfa2ce46043a41a376b560c525) Importer(815301076,1909f56bfc062723c751e8b465ee728b)
Start importing Assets/Textures/MudRockyAlbedoSpecular.bmp using Guid(ef5c51cfa2ce46043a41a376b560c525) Importer(815301076,1909f56bfc062723c751e8b465ee728b)  -> (artifact id: '4dfaf9aeb0feddb2a06c8d3badc9c249') in 0.107092 seconds
Internal: There are remaining Allocations on the JobTempAlloc. This is a leak, and will impact performance
To Debug, run app with -diag-job-temp-memory-leak-validation cmd line argument. This will output the callstacks of the leaked allocations.
Number of updated asset objects reloaded before import = 0
Number of asset objects unloaded after import = 2
========================================================================
Received Import Request.
  Time since last request: 0.000219 seconds.
  path: Assets/Textures/SandAlbedo.psd
  artifactKey: Guid(bfd675cc0db1d4656b75dc6d6ba91142) Importer(815301076,1909f56bfc062723c751e8b465ee728b)
Start importing Assets/Textures/SandAlbedo.psd using Guid(bfd675cc0db1d4656b75dc6d6ba91142) Importer(815301076,1909f56bfc062723c751e8b465ee728b)  -> (artifact id: '8bfeaf58dcf92025ed600bde2ed6bfba') in 0.014812 seconds
Internal: There are remaining Allocations on the JobTempAlloc. This is a leak, and will impact performance
To Debug, run app with -diag-job-temp-memory-leak-validation cmd line argument. This will output the callstacks of the leaked allocations.
Number of updated asset objects reloaded before import = 0
Number of asset objects unloaded after import = 2
========================================================================
Received Import Request.
  Time since last request: 14.702037 seconds.
  path: Assets/Models/TruckTyre.prefab
  artifactKey: Guid(8a4e2f69ac0ecf242a1b727a7c204359) Importer(815301076,1909f56bfc062723c751e8b465ee728b)
Start importing Assets/Models/TruckTyre.prefab using Guid(8a4e2f69ac0ecf242a1b727a7c204359) Importer(815301076,1909f56bfc062723c751e8b465ee728b)  -> (artifact id: '9ea1c2ab7ccdf2726582ea5f288ccc1e') in 0.022857 seconds
Internal: There are remaining Allocations on the JobTempAlloc. This is a leak, and will impact performance
To Debug, run app with -diag-job-temp-memory-leak-validation cmd line argument. This will output the callstacks of the leaked allocations.
Number of updated asset objects reloaded before import = 0
Number of asset objects unloaded after import = 9
========================================================================
Received Import Request.
  Time since last request: 0.000096 seconds.
  path: Assets/Models/WaterBasicDaytime.prefab
  artifactKey: Guid(9485b0c79d11e2e4d0007da98d76c639) Importer(815301076,1909f56bfc062723c751e8b465ee728b)
Start importing Assets/Models/WaterBasicDaytime.prefab using Guid(9485b0c79d11e2e4d0007da98d76c639) Importer(815301076,1909f56bfc062723c751e8b465ee728b)  -> (artifact id: '452224f12f4dc341f3f75d223f4d73b3') in 0.088112 seconds
Internal: There are remaining Allocations on the JobTempAlloc. This is a leak, and will impact performance
To Debug, run app with -diag-job-temp-memory-leak-validation cmd line argument. This will output the callstacks of the leaked allocations.
Number of updated asset objects reloaded before import = 0
Number of asset objects unloaded after import = 12
========================================================================
Received Import Request.
  Time since last request: 0.000059 seconds.
  path: Assets/Models/Water4Advanced.prefab
  artifactKey: Guid(b544816461f324e56a39767fdeb5b114) Importer(815301076,1909f56bfc062723c751e8b465ee728b)
Start importing Assets/Models/Water4Advanced.prefab using Guid(b544816461f324e56a39767fdeb5b114) Importer(815301076,1909f56bfc062723c751e8b465ee728b)  -> (artifact id: 'ed623d15378dfb68e6e83f48f65ee8c4') in 0.081415 seconds
Internal: There are remaining Allocations on the JobTempAlloc. This is a leak, and will impact performance
To Debug, run app with -diag-job-temp-memory-leak-validation cmd line argument. This will output the callstacks of the leaked allocations.
Number of updated asset objects reloaded before import = 0
Number of asset objects unloaded after import = 35
========================================================================
Received Import Request.
  Time since last request: 0.000113 seconds.
  path: Assets/Models/WaterBasicNightime.prefab
  artifactKey: Guid(6b436d069d11415d1100ab9b44295342) Importer(815301076,1909f56bfc062723c751e8b465ee728b)
Start importing Assets/Models/WaterBasicNightime.prefab using Guid(6b436d069d11415d1100ab9b44295342) Importer(815301076,1909f56bfc062723c751e8b465ee728b)  -> (artifact id: 'c59e1fd6d7a1170790a259f8a2968a43') in 0.019354 seconds
Internal: There are remaining Allocations on the JobTempAlloc. This is a leak, and will impact performance
To Debug, run app with -diag-job-temp-memory-leak-validation cmd line argument. This will output the callstacks of the leaked allocations.
Number of updated asset objects reloaded before import = 0
Number of asset objects unloaded after import = 11
========================================================================
Received Import Request.
  Time since last request: 2.469054 seconds.
  path: Assets/Terrain/GrassHillLayer.terrainlayer
  artifactKey: Guid(724f5738f043f74448803105abe414cd) Importer(815301076,1909f56bfc062723c751e8b465ee728b)
Start importing Assets/Terrain/GrassHillLayer.terrainlayer using Guid(724f5738f043f74448803105abe414cd) Importer(815301076,1909f56bfc062723c751e8b465ee728b)  -> (artifact id: 'c21e75485d1fc383bfb4f22b839ae2f9') in 0.067953 seconds
Internal: There are remaining Allocations on the JobTempAlloc. This is a leak, and will impact performance
To Debug, run app with -diag-job-temp-memory-leak-validation cmd line argument. This will output the callstacks of the leaked allocations.
Number of updated asset objects reloaded before import = 0
Number of asset objects unloaded after import = 2
========================================================================
Received Import Request.
  Time since last request: 0.000072 seconds.
  path: Assets/Terrain/RockSharp.terrainlayer
  artifactKey: Guid(e31e60f856f8349418bf786967e9f1a7) Importer(815301076,1909f56bfc062723c751e8b465ee728b)
Start importing Assets/Terrain/RockSharp.terrainlayer using Guid(e31e60f856f8349418bf786967e9f1a7) Importer(815301076,1909f56bfc062723c751e8b465ee728b)  -> (artifact id: '8fbd315c0ad3832691fb84e564e02aee') in 0.024513 seconds
Internal: There are remaining Allocations on the JobTempAlloc. This is a leak, and will impact performance
To Debug, run app with -diag-job-temp-memory-leak-validation cmd line argument. This will output the callstacks of the leaked allocations.
Number of updated asset objects reloaded before import = 0
Number of asset objects unloaded after import = 2
